<?xml version="1.0" encoding="UTF-8"?>
<testng-results skipped="1" failed="0" total="1" passed="0">
  <reporter-output>
  </reporter-output>
  <suite name="Default suite" duration-ms="57" started-at="2017-07-18T11:51:25Z" finished-at="2017-07-18T11:51:25Z">
    <groups>
    </groups>
    <test name="Default test" duration-ms="57" started-at="2017-07-18T11:51:25Z" finished-at="2017-07-18T11:51:25Z">
      <class name="setup.Class">
        <test-method status="FAIL" signature="main([Ljava.lang.String;)[pri:0, instance:setup.Class@42e26948]" name="main" is-config="true" duration-ms="0" started-at="2017-07-18T17:21:25Z" finished-at="2017-07-18T17:21:25Z">
          <exception class="org.testng.TestNGException">
            <message>
              <![CDATA[
Method main requires 1 parameters but 0 were supplied in the @Configuration annotation.]]>
            </message>
            <full-stacktrace>
              <![CDATA[org.testng.TestNGException: 
Method main requires 1 parameters but 0 were supplied in the @Configuration annotation.
	at org.testng.internal.Parameters.checkParameterTypes(Parameters.java:191)
	at org.testng.internal.Parameters.createParameters(Parameters.java:127)
	at org.testng.internal.Parameters.createParameters(Parameters.java:376)
	at org.testng.internal.Parameters.createConfigurationParameters(Parameters.java:84)
	at org.testng.internal.Invoker.invokeConfigurations(Invoker.java:197)
	at org.testng.internal.Invoker.invokeConfigurations(Invoker.java:138)
	at org.testng.internal.TestMethodWorker.invokeBeforeClassMethods(TestMethodWorker.java:170)
	at org.testng.internal.TestMethodWorker.run(TestMethodWorker.java:104)
	at org.testng.TestRunner.privateRun(TestRunner.java:774)
	at org.testng.TestRunner.run(TestRunner.java:624)
	at org.testng.SuiteRunner.runTest(SuiteRunner.java:359)
	at org.testng.SuiteRunner.runSequentially(SuiteRunner.java:354)
	at org.testng.SuiteRunner.privateRun(SuiteRunner.java:312)
	at org.testng.SuiteRunner.run(SuiteRunner.java:261)
	at org.testng.SuiteRunnerWorker.runSuite(SuiteRunnerWorker.java:52)
	at org.testng.SuiteRunnerWorker.run(SuiteRunnerWorker.java:86)
	at org.testng.TestNG.runSuitesSequentially(TestNG.java:1215)
	at org.testng.TestNG.runSuitesLocally(TestNG.java:1140)
	at org.testng.TestNG.run(TestNG.java:1048)
	at org.testng.remote.AbstractRemoteTestNG.run(AbstractRemoteTestNG.java:126)
	at org.testng.remote.RemoteTestNG.initAndRun(RemoteTestNG.java:152)
	at org.testng.remote.RemoteTestNG.main(RemoteTestNG.java:57)
]]>
            </full-stacktrace>
          </exception> <!-- org.testng.TestNGException -->
          <reporter-output>
          </reporter-output>
        </test-method> <!-- main -->
        <test-method status="SKIP" signature="execute()[pri:0, instance:setup.Class@42e26948]" name="execute" duration-ms="10" started-at="2017-07-18T17:21:25Z" finished-at="2017-07-18T17:21:25Z">
          <reporter-output>
          </reporter-output>
        </test-method> <!-- execute -->
        <test-method status="SKIP" signature="teardown()[pri:0, instance:setup.Class@42e26948]" name="teardown" is-config="true" duration-ms="0" started-at="2017-07-18T17:21:25Z" finished-at="2017-07-18T17:21:25Z">
          <reporter-output>
          </reporter-output>
        </test-method> <!-- teardown -->
      </class> <!-- setup.Class -->
    </test> <!-- Default test -->
  </suite> <!-- Default suite -->
</testng-results>
